Configuring cpphs-1.20.2...
Building cpphs-1.20.2...
Preprocessing library cpphs-1.20.2...
[ 1 of 11] Compiling Language.Preprocessor.Cpphs.HashDefine ( Language/Preprocessor/Cpphs/HashDefine.hs, dist/dist-sandbox-b2469d70/build/Language/Preprocessor/Cpphs/HashDefine.o )
[ 2 of 11] Compiling Language.Preprocessor.Cpphs.SymTab ( Language/Preprocessor/Cpphs/SymTab.hs, dist/dist-sandbox-b2469d70/build/Language/Preprocessor/Cpphs/SymTab.o )
[ 3 of 11] Compiling Language.Preprocessor.Unlit ( Language/Preprocessor/Unlit.hs, dist/dist-sandbox-b2469d70/build/Language/Preprocessor/Unlit.o )
[ 4 of 11] Compiling Language.Preprocessor.Cpphs.Options ( Language/Preprocessor/Cpphs/Options.hs, dist/dist-sandbox-b2469d70/build/Language/Preprocessor/Cpphs/Options.o )
[ 5 of 11] Compiling Language.Preprocessor.Cpphs.Position ( Language/Preprocessor/Cpphs/Position.hs, dist/dist-sandbox-b2469d70/build/Language/Preprocessor/Cpphs/Position.o )
[ 6 of 11] Compiling Language.Preprocessor.Cpphs.Tokenise ( Language/Preprocessor/Cpphs/Tokenise.hs, dist/dist-sandbox-b2469d70/build/Language/Preprocessor/Cpphs/Tokenise.o )
[ 7 of 11] Compiling Language.Preprocessor.Cpphs.MacroPass ( Language/Preprocessor/Cpphs/MacroPass.hs, dist/dist-sandbox-b2469d70/build/Language/Preprocessor/Cpphs/MacroPass.o )
[ 8 of 11] Compiling Language.Preprocessor.Cpphs.ReadFirst ( Language/Preprocessor/Cpphs/ReadFirst.hs, dist/dist-sandbox-b2469d70/build/Language/Preprocessor/Cpphs/ReadFirst.o )
[ 9 of 11] Compiling Language.Preprocessor.Cpphs.CppIfdef ( Language/Preprocessor/Cpphs/CppIfdef.hs, dist/dist-sandbox-b2469d70/build/Language/Preprocessor/Cpphs/CppIfdef.o )
[10 of 11] Compiling Language.Preprocessor.Cpphs.RunCpphs ( Language/Preprocessor/Cpphs/RunCpphs.hs, dist/dist-sandbox-b2469d70/build/Language/Preprocessor/Cpphs/RunCpphs.o )
[11 of 11] Compiling Language.Preprocessor.Cpphs ( Language/Preprocessor/Cpphs.hs, dist/dist-sandbox-b2469d70/build/Language/Preprocessor/Cpphs.o )
Preprocessing executable 'cpphs' for cpphs-1.20.2...
[ 1 of 12] Compiling Language.Preprocessor.Cpphs.SymTab ( Language/Preprocessor/Cpphs/SymTab.hs, dist/dist-sandbox-b2469d70/build/cpphs/cpphs-tmp/Language/Preprocessor/Cpphs/SymTab.o )
[ 2 of 12] Compiling Language.Preprocessor.Cpphs.Position ( Language/Preprocessor/Cpphs/Position.hs, dist/dist-sandbox-b2469d70/build/cpphs/cpphs-tmp/Language/Preprocessor/Cpphs/Position.o )
[ 3 of 12] Compiling Language.Preprocessor.Cpphs.ReadFirst ( Language/Preprocessor/Cpphs/ReadFirst.hs, dist/dist-sandbox-b2469d70/build/cpphs/cpphs-tmp/Language/Preprocessor/Cpphs/ReadFirst.o )
[ 4 of 12] Compiling Language.Preprocessor.Cpphs.Options ( Language/Preprocessor/Cpphs/Options.hs, dist/dist-sandbox-b2469d70/build/cpphs/cpphs-tmp/Language/Preprocessor/Cpphs/Options.o )
[ 5 of 12] Compiling Language.Preprocessor.Cpphs.HashDefine ( Language/Preprocessor/Cpphs/HashDefine.hs, dist/dist-sandbox-b2469d70/build/cpphs/cpphs-tmp/Language/Preprocessor/Cpphs/HashDefine.o )
[ 6 of 12] Compiling Language.Preprocessor.Cpphs.Tokenise ( Language/Preprocessor/Cpphs/Tokenise.hs, dist/dist-sandbox-b2469d70/build/cpphs/cpphs-tmp/Language/Preprocessor/Cpphs/Tokenise.o )
[ 7 of 12] Compiling Language.Preprocessor.Cpphs.MacroPass ( Language/Preprocessor/Cpphs/MacroPass.hs, dist/dist-sandbox-b2469d70/build/cpphs/cpphs-tmp/Language/Preprocessor/Cpphs/MacroPass.o )
[ 8 of 12] Compiling Language.Preprocessor.Cpphs.CppIfdef ( Language/Preprocessor/Cpphs/CppIfdef.hs, dist/dist-sandbox-b2469d70/build/cpphs/cpphs-tmp/Language/Preprocessor/Cpphs/CppIfdef.o )
[ 9 of 12] Compiling Language.Preprocessor.Unlit ( Language/Preprocessor/Unlit.hs, dist/dist-sandbox-b2469d70/build/cpphs/cpphs-tmp/Language/Preprocessor/Unlit.o )
[10 of 12] Compiling Language.Preprocessor.Cpphs.RunCpphs ( Language/Preprocessor/Cpphs/RunCpphs.hs, dist/dist-sandbox-b2469d70/build/cpphs/cpphs-tmp/Language/Preprocessor/Cpphs/RunCpphs.o )
[11 of 12] Compiling Language.Preprocessor.Cpphs ( Language/Preprocessor/Cpphs.hs, dist/dist-sandbox-b2469d70/build/cpphs/cpphs-tmp/Language/Preprocessor/Cpphs.o )
[12 of 12] Compiling Main             ( cpphs.hs, dist/dist-sandbox-b2469d70/build/cpphs/cpphs-tmp/Main.o )
Linking dist/dist-sandbox-b2469d70/build/cpphs/cpphs ...
Creating package registration file:
/var/folders/hp/96vtgb35725d87_gbwlspb5m0000gn/T/pkgConf-cpphs-1.20578354438892053144.2
Installing library in
/Users/toddpickell/code/sudoku-haskell/.cabal-sandbox/lib/x86_64-osx-ghc-8.0.1/cpphs-1.20.2-7djuFMGkwrP4W9jIfVOsXL
Installing executable(s) in
/Users/toddpickell/code/sudoku-haskell/.cabal-sandbox/bin
Registering cpphs-1.20.2...
