Configuring hscolour-1.24.1...
Building hscolour-1.24.1...
Preprocessing library hscolour-1.24.1...
[ 1 of 16] Compiling Language.Haskell.HsColour.General ( Language/Haskell/HsColour/General.hs, dist/dist-sandbox-b2469d70/build/Language/Haskell/HsColour/General.o )
[ 2 of 16] Compiling Language.Haskell.HsColour.Classify ( Language/Haskell/HsColour/Classify.hs, dist/dist-sandbox-b2469d70/build/Language/Haskell/HsColour/Classify.o )

Language/Haskell/HsColour/Classify.hs:52:18: warning: [-Wtabs]
    Tab character found here, and in six further locations.
    Please use spaces instead.
[ 3 of 16] Compiling Language.Haskell.HsColour.Anchors ( Language/Haskell/HsColour/Anchors.hs, dist/dist-sandbox-b2469d70/build/Language/Haskell/HsColour/Anchors.o )

Language/Haskell/HsColour/Anchors.hs:73:1: warning: [-Wtabs]
    Tab character found here, and in four further locations.
    Please use spaces instead.
[ 4 of 16] Compiling Language.Haskell.HsColour.ColourHighlight ( Language/Haskell/HsColour/ColourHighlight.hs, dist/dist-sandbox-b2469d70/build/Language/Haskell/HsColour/ColourHighlight.o )
[ 5 of 16] Compiling Language.Haskell.HsColour.Output ( Language/Haskell/HsColour/Output.hs, dist/dist-sandbox-b2469d70/build/Language/Haskell/HsColour/Output.o )
[ 6 of 16] Compiling Language.Haskell.HsColour.ANSI ( Language/Haskell/HsColour/ANSI.hs, dist/dist-sandbox-b2469d70/build/Language/Haskell/HsColour/ANSI.o )

Language/Haskell/HsColour/ANSI.hs:62:10: warning: [-Wmissing-methods]
    • No explicit implementation for
        ‘toEnum’
    • In the instance declaration for ‘Enum Highlight’
[ 7 of 16] Compiling Language.Haskell.HsColour.Options ( Language/Haskell/HsColour/Options.hs, dist/dist-sandbox-b2469d70/build/Language/Haskell/HsColour/Options.o )

Language/Haskell/HsColour/Options.hs:11:9: warning: [-Wtabs]
    Tab character found here, and in 12 further locations.
    Please use spaces instead.
[ 8 of 16] Compiling Language.Haskell.HsColour.Colourise ( Language/Haskell/HsColour/Colourise.hs, dist/dist-sandbox-b2469d70/build/Language/Haskell/HsColour/Colourise.o )
[ 9 of 16] Compiling Language.Haskell.HsColour.TTY ( Language/Haskell/HsColour/TTY.hs, dist/dist-sandbox-b2469d70/build/Language/Haskell/HsColour/TTY.o )
[10 of 16] Compiling Language.Haskell.HsColour.HTML ( Language/Haskell/HsColour/HTML.hs, dist/dist-sandbox-b2469d70/build/Language/Haskell/HsColour/HTML.o )
[11 of 16] Compiling Language.Haskell.HsColour.CSS ( Language/Haskell/HsColour/CSS.hs, dist/dist-sandbox-b2469d70/build/Language/Haskell/HsColour/CSS.o )
[12 of 16] Compiling Language.Haskell.HsColour.ACSS ( Language/Haskell/HsColour/ACSS.hs, dist/dist-sandbox-b2469d70/build/Language/Haskell/HsColour/ACSS.o )
[13 of 16] Compiling Language.Haskell.HsColour.InlineCSS ( Language/Haskell/HsColour/InlineCSS.hs, dist/dist-sandbox-b2469d70/build/Language/Haskell/HsColour/InlineCSS.o )

Language/Haskell/HsColour/InlineCSS.hs:12:24: warning: [-Wtabs]
    Tab character found here.
    Please use spaces instead.
[14 of 16] Compiling Language.Haskell.HsColour.LaTeX ( Language/Haskell/HsColour/LaTeX.hs, dist/dist-sandbox-b2469d70/build/Language/Haskell/HsColour/LaTeX.o )
[15 of 16] Compiling Language.Haskell.HsColour.MIRC ( Language/Haskell/HsColour/MIRC.hs, dist/dist-sandbox-b2469d70/build/Language/Haskell/HsColour/MIRC.o )
[16 of 16] Compiling Language.Haskell.HsColour ( Language/Haskell/HsColour.hs, dist/dist-sandbox-b2469d70/build/Language/Haskell/HsColour.o )

Language/Haskell/HsColour.hs:37:19: warning: [-Wtabs]
    Tab character found here, and in two further locations.
    Please use spaces instead.
Preprocessing executable 'HsColour' for hscolour-1.24.1...
[ 1 of 17] Compiling Language.Haskell.HsColour.Output ( Language/Haskell/HsColour/Output.hs, dist/dist-sandbox-b2469d70/build/HsColour/HsColour-tmp/Language/Haskell/HsColour/Output.o )
[ 2 of 17] Compiling Language.Haskell.HsColour.Options ( Language/Haskell/HsColour/Options.hs, dist/dist-sandbox-b2469d70/build/HsColour/HsColour-tmp/Language/Haskell/HsColour/Options.o )

Language/Haskell/HsColour/Options.hs:11:9: warning: [-Wtabs]
    Tab character found here, and in 12 further locations.
    Please use spaces instead.
[ 3 of 17] Compiling Language.Haskell.HsColour.General ( Language/Haskell/HsColour/General.hs, dist/dist-sandbox-b2469d70/build/HsColour/HsColour-tmp/Language/Haskell/HsColour/General.o )
[ 4 of 17] Compiling Language.Haskell.HsColour.ColourHighlight ( Language/Haskell/HsColour/ColourHighlight.hs, dist/dist-sandbox-b2469d70/build/HsColour/HsColour-tmp/Language/Haskell/HsColour/ColourHighlight.o )
[ 5 of 17] Compiling Language.Haskell.HsColour.Classify ( Language/Haskell/HsColour/Classify.hs, dist/dist-sandbox-b2469d70/build/HsColour/HsColour-tmp/Language/Haskell/HsColour/Classify.o )

Language/Haskell/HsColour/Classify.hs:52:18: warning: [-Wtabs]
    Tab character found here, and in six further locations.
    Please use spaces instead.
[ 6 of 17] Compiling Language.Haskell.HsColour.Colourise ( Language/Haskell/HsColour/Colourise.hs, dist/dist-sandbox-b2469d70/build/HsColour/HsColour-tmp/Language/Haskell/HsColour/Colourise.o )
[ 7 of 17] Compiling Language.Haskell.HsColour.LaTeX ( Language/Haskell/HsColour/LaTeX.hs, dist/dist-sandbox-b2469d70/build/HsColour/HsColour-tmp/Language/Haskell/HsColour/LaTeX.o )
[ 8 of 17] Compiling Language.Haskell.HsColour.MIRC ( Language/Haskell/HsColour/MIRC.hs, dist/dist-sandbox-b2469d70/build/HsColour/HsColour-tmp/Language/Haskell/HsColour/MIRC.o )
[ 9 of 17] Compiling Language.Haskell.HsColour.Anchors ( Language/Haskell/HsColour/Anchors.hs, dist/dist-sandbox-b2469d70/build/HsColour/HsColour-tmp/Language/Haskell/HsColour/Anchors.o )

Language/Haskell/HsColour/Anchors.hs:73:1: warning: [-Wtabs]
    Tab character found here, and in four further locations.
    Please use spaces instead.
[10 of 17] Compiling Language.Haskell.HsColour.HTML ( Language/Haskell/HsColour/HTML.hs, dist/dist-sandbox-b2469d70/build/HsColour/HsColour-tmp/Language/Haskell/HsColour/HTML.o )
[11 of 17] Compiling Language.Haskell.HsColour.CSS ( Language/Haskell/HsColour/CSS.hs, dist/dist-sandbox-b2469d70/build/HsColour/HsColour-tmp/Language/Haskell/HsColour/CSS.o )
[12 of 17] Compiling Language.Haskell.HsColour.ACSS ( Language/Haskell/HsColour/ACSS.hs, dist/dist-sandbox-b2469d70/build/HsColour/HsColour-tmp/Language/Haskell/HsColour/ACSS.o )
[13 of 17] Compiling Language.Haskell.HsColour.InlineCSS ( Language/Haskell/HsColour/InlineCSS.hs, dist/dist-sandbox-b2469d70/build/HsColour/HsColour-tmp/Language/Haskell/HsColour/InlineCSS.o )

Language/Haskell/HsColour/InlineCSS.hs:12:24: warning: [-Wtabs]
    Tab character found here.
    Please use spaces instead.
[14 of 17] Compiling Language.Haskell.HsColour.ANSI ( Language/Haskell/HsColour/ANSI.hs, dist/dist-sandbox-b2469d70/build/HsColour/HsColour-tmp/Language/Haskell/HsColour/ANSI.o )

Language/Haskell/HsColour/ANSI.hs:62:10: warning: [-Wmissing-methods]
    • No explicit implementation for
        ‘toEnum’
    • In the instance declaration for ‘Enum Highlight’
[15 of 17] Compiling Language.Haskell.HsColour.TTY ( Language/Haskell/HsColour/TTY.hs, dist/dist-sandbox-b2469d70/build/HsColour/HsColour-tmp/Language/Haskell/HsColour/TTY.o )
[16 of 17] Compiling Language.Haskell.HsColour ( Language/Haskell/HsColour.hs, dist/dist-sandbox-b2469d70/build/HsColour/HsColour-tmp/Language/Haskell/HsColour.o )

Language/Haskell/HsColour.hs:37:19: warning: [-Wtabs]
    Tab character found here, and in two further locations.
    Please use spaces instead.
[17 of 17] Compiling Main             ( HsColour.hs, dist/dist-sandbox-b2469d70/build/HsColour/HsColour-tmp/Main.o )

HsColour.hs:71:1: warning: [-Wtabs]
    Tab character found here, and in two further locations.
    Please use spaces instead.
Linking dist/dist-sandbox-b2469d70/build/HsColour/HsColour ...
Creating package registration file:
/var/folders/hp/96vtgb35725d87_gbwlspb5m0000gn/T/pkgConf-hscolour-1.2410447881241927702196.1
Installing library in
/Users/toddpickell/code/sudoku-haskell/.cabal-sandbox/lib/x86_64-osx-ghc-8.0.1/hscolour-1.24.1-5GkMiRc9UmpIHMyKsmrQOm
Installing executable(s) in
/Users/toddpickell/code/sudoku-haskell/.cabal-sandbox/bin
Registering hscolour-1.24.1...
