Configuring matrix-0.3.5.0...
Building matrix-0.3.5.0...
Preprocessing library matrix-0.3.5.0...
[1 of 1] Compiling Data.Matrix      ( Data/Matrix.hs, dist/dist-sandbox-b2469d70/build/Data/Matrix.o )

Data/Matrix.hs:80:1: warning: [-Wunused-imports]
    The import of ‘Data.Traversable’ is redundant
      except perhaps to import instances from ‘Data.Traversable’
    To import instances alone, use: import Data.Traversable()

Data/Matrix.hs:88:1: warning: [-Wunused-imports]
    The import of ‘Data.Maybe’ is redundant
      except perhaps to import instances from ‘Data.Maybe’
    To import instances alone, use: import Data.Maybe()

Data/Matrix.hs:1323:1: warning: [-Winline-rule-shadowing]
    Rule "matrix/traceOfSum" may never fire
      because ‘trace’ might inline first
    Probable fix: add an INLINE[n] or NOINLINE[n] pragma for ‘trace’

Data/Matrix.hs:1323:1: warning: [-Winline-rule-shadowing]
    Rule "matrix/traceOfSum" may never fire
      because rule "Class op +" for ‘+’ might fire first
    Probable fix: add phase [n] or [~n] to the competing rule

Data/Matrix.hs:1326:1: warning: [-Winline-rule-shadowing]
    Rule "matrix/traceOfScale" may never fire
      because ‘trace’ might inline first
    Probable fix: add an INLINE[n] or NOINLINE[n] pragma for ‘trace’

Data/Matrix.hs:1326:1: warning: [-Winline-rule-shadowing]
    Rule "matrix/traceOfScale" may never fire
      because ‘scaleMatrix’ might inline first
    Probable fix: add an INLINE[n] or NOINLINE[n] pragma for ‘scaleMatrix’

Data/Matrix.hs:1351:1: warning: [-Winline-rule-shadowing]
    Rule "matrix/detLaplaceProduct" may never fire
      because ‘detLaplace’ might inline first
    Probable fix: add an INLINE[n] or NOINLINE[n] pragma for ‘detLaplace’

Data/Matrix.hs:1351:1: warning: [-Winline-rule-shadowing]
    Rule "matrix/detLaplaceProduct" may never fire
      because rule "Class op *" for ‘*’ might fire first
    Probable fix: add phase [n] or [~n] to the competing rule

Data/Matrix.hs:1354:1: warning: [-Winline-rule-shadowing]
    Rule "matrix/detLUProduct" may never fire
      because ‘detLU’ might inline first
    Probable fix: add an INLINE[n] or NOINLINE[n] pragma for ‘detLU’

Data/Matrix.hs:1354:1: warning: [-Winline-rule-shadowing]
    Rule "matrix/detLUProduct" may never fire
      because rule "Class op *" for ‘*’ might fire first
    Probable fix: add phase [n] or [~n] to the competing rule
Creating package registration file:
/var/folders/hp/96vtgb35725d87_gbwlspb5m0000gn/T/pkgConf-matrix-0.3.52128236579784558821.0
Installing library in
/Users/toddpickell/code/sudoku-haskell/.cabal-sandbox/lib/x86_64-osx-ghc-8.0.1/matrix-0.3.5.0-LIoK62ior8bBPyUscrwFZf
Registering matrix-0.3.5.0...
