[1 of 1] Compiling Main             ( /var/folders/hp/96vtgb35725d87_gbwlspb5m0000gn/T/cabal-tmp-43381/old-time-1.1.0.3/dist/dist-sandbox-b2469d70/setup/setup.hs, /var/folders/hp/96vtgb35725d87_gbwlspb5m0000gn/T/cabal-tmp-43381/old-time-1.1.0.3/dist/dist-sandbox-b2469d70/setup/Main.o )
Linking /var/folders/hp/96vtgb35725d87_gbwlspb5m0000gn/T/cabal-tmp-43381/old-time-1.1.0.3/dist/dist-sandbox-b2469d70/setup/setup ...
Configuring old-time-1.1.0.3...
configure: WARNING: unrecognized options: --with-compiler
checking for gcc... /usr/bin/clang
checking whether the C compiler works... yes
checking for C compiler default output file name... a.out
checking for suffix of executables... 
checking whether we are cross compiling... no
checking for suffix of object files... o
checking whether we are using the GNU C compiler... yes
checking whether /usr/bin/clang accepts -g... yes
checking for /usr/bin/clang option to accept ISO C89... none needed
checking how to run the C preprocessor... /usr/bin/clang -E
checking for grep that handles long lines and -e... /usr/bin/grep
checking for egrep... /usr/bin/grep -E
checking for ANSI C header files... yes
checking for sys/types.h... yes
checking for sys/stat.h... yes
checking for stdlib.h... yes
checking for string.h... yes
checking for memory.h... yes
checking for strings.h... yes
checking for inttypes.h... yes
checking for stdint.h... yes
checking for unistd.h... yes
checking sys/time.h usability... yes
checking sys/time.h presence... yes
checking for sys/time.h... yes
checking sys/timeb.h usability... yes
checking sys/timeb.h presence... yes
checking for sys/timeb.h... yes
checking time.h usability... yes
checking time.h presence... yes
checking for time.h... yes
checking for ftime... yes
checking for gmtime_r... yes
checking for localtime_r... yes
checking for gettimeofday... yes
checking whether struct tm is in sys/time.h or time.h... time.h
checking for struct tm.tm_zone... yes
checking whether time.h and sys/time.h may both be included... yes
checking for sys/time.h... (cached) yes
checking whether altzone is declared... no
configure: creating ./config.status
config.status: creating include/HsTimeConfig.h
configure: WARNING: unrecognized options: --with-compiler
Building old-time-1.1.0.3...
Preprocessing library old-time-1.1.0.3...
[1 of 1] Compiling System.Time      ( dist/dist-sandbox-b2469d70/build/System/Time.hs, dist/dist-sandbox-b2469d70/build/System/Time.o )
Creating package registration file:
/var/folders/hp/96vtgb35725d87_gbwlspb5m0000gn/T/pkgConf-old-time-1.1.0571540977194847408.3
Installing library in
/Users/toddpickell/code/sudoku-haskell/.cabal-sandbox/lib/x86_64-osx-ghc-8.0.1/old-time-1.1.0.3-65Bcivk3p07GKI2clZ7f7G
Registering old-time-1.1.0.3...
